<?xml version="1.0" encoding="UTF-8"?>
<!-- Generated by org.testng.reporters.JUnitReportReporter -->
<testsuite hostname="LAPTOP-58M1VFPQ" failures="0" tests="3" name="Test.Module" time="57.314" errors="0" timestamp="2021-06-10T18:27:59 IST" skipped="2">
  <testcase classname="Test.Module" name="testcase3" time="57.314"/>
  <system-out/>
  <testcase classname="Test.Module" name="testcase2">
    <skipped/>
  </testcase> <!-- testcase2 -->
  <system-out/>
  <testcase classname="Test.Module" name="testcase1">
    <skipped/>
  </testcase> <!-- testcase1 -->
  <system-out/>
</testsuite> <!-- Test.Module -->
